<?xml version="1.0" encoding="UTF-8"?>
<beans xmlns:xsi="http://www.w3.org/2001/XMLSchema-instance"
       xmlns="http://www.springframework.org/schema/beans"
       xsi:schemaLocation="http://www.springframework.org/schema/beans http://www.springframework.org/schema/beans/spring-beans.xsd">

    <bean class="net.n2oapp.framework.context.test.provider.OrgStructurePersistentProvider"/>
    <bean class="net.n2oapp.framework.context.test.provider.ChangeableDependenciesProvider"/>
    <bean class="net.n2oapp.framework.context.test.provider.CabinetPersistentProvider"/>
    <bean class="net.n2oapp.framework.context.test.provider.DoctorPersistentProvider"/>

    <bean class="net.n2oapp.framework.context.test.provider.OrganizationProvider"/>
    <bean class="net.n2oapp.framework.context.test.provider.DepFullNameProvider"/>
    <bean class="net.n2oapp.framework.context.test.provider.DepartmentProvider"/>
    <bean class="net.n2oapp.framework.context.test.provider.FullDepartmentProvider"/>
    <bean class="net.n2oapp.framework.context.test.provider.CabinetProvider"/>
    <bean class="net.n2oapp.framework.context.test.provider.DoctorNameProvider"/>

    <bean class="net.n2oapp.framework.context.test.provider.RecursiveErrorProvider"/>
    <bean class="net.n2oapp.framework.context.test.provider.RecursiveFirstLvlErrorProvider"/>
    <bean class="net.n2oapp.framework.context.test.provider.RecursiveFirstLvlErrorPersistentProvider"/>
    <bean class="net.n2oapp.framework.context.test.provider.RecursiveSecondLvlErrorProvider"/>
    <bean class="net.n2oapp.framework.context.test.provider.RecursiveSecondLvlErrorPersistentProvider"/>

</beans>