<?xml version="1.0" encoding="UTF-8"?>
<beans xmlns="http://www.springframework.org/schema/beans"
       xmlns:xsi="http://www.w3.org/2001/XMLSchema-instance"
       xsi:schemaLocation="http://www.springframework.org/schema/beans http://www.springframework.org/schema/beans/spring-beans.xsd">

    <bean class="net.n2oapp.context.StaticSpringContext"/>

    <bean id="springInvocationTestClass" class="net.n2oapp.framework.engine.test.source.SpringInvocationTestClass"
          name="springInvocationTestClass"/>


    <!--AOP Advice for wrapping spring in proxy before invocation-->
    <bean id="beforeSpringInvocation" class="net.n2oapp.framework.engine.test.source.BeforeSpringInvocation"/>
    <bean id="testSpringInvocationProxy" class="org.springframework.aop.framework.ProxyFactoryBean">
        <property name="target" ref="springInvocationTestClass"/>
        <property name="interceptorNames">
            <list>
                <value>beforeSpringInvocation</value>
            </list>
        </property>
    </bean>

</beans>